<?xml version="1.0" encoding="UTF-8"?>
<testng-results ignored="0" total="2" passed="2" failed="0" skipped="0">
  <reporter-output>
  </reporter-output>
  <suite started-at="2023-08-07T10:01:45 IST" name="Default suite" finished-at="2023-08-07T10:01:46 IST" duration-ms="643">
    <groups>
    </groups>
    <test started-at="2023-08-07T10:01:45 IST" name="Default test" finished-at="2023-08-07T10:01:46 IST" duration-ms="643">
      <class name="testNg_Basics.DataProviderFromExcel">
        <test-method signature="Data()[pri:0, instance:testNg_Basics.DataProviderFromExcel@4d5d943d]" started-at="2023-08-07T10:01:45 IST" name="Data" finished-at="2023-08-07T10:01:46 IST" duration-ms="579" status="PASS">
          <reporter-output>
          </reporter-output>
        </test-method> <!-- Data -->
        <test-method signature="multipleData()[pri:0, instance:testNg_Basics.DataProviderFromExcel@4d5d943d]" started-at="2023-08-07T10:01:46 IST" name="multipleData" finished-at="2023-08-07T10:01:46 IST" duration-ms="34" status="PASS">
          <reporter-output>
          </reporter-output>
        </test-method> <!-- multipleData -->
      </class> <!-- testNg_Basics.DataProviderFromExcel -->
    </test> <!-- Default test -->
  </suite> <!-- Default suite -->
</testng-results>
